<?xml version="1.0" encoding="UTF-8"?>
<testsuite xmlns:xsi="http://www.w3.org/2001/XMLSchema-instance" xsi:noNamespaceSchemaLocation="https://maven.apache.org/surefire/maven-surefire-plugin/xsd/surefire-test-report.xsd" name="wc.AppTest" time="0.027" tests="1" errors="0" skipped="0" failures="0">
  <properties>
    <property name="sun.desktop" value="windows"/>
    <property name="awt.toolkit" value="sun.awt.windows.WToolkit"/>
    <property name="file.encoding.pkg" value="sun.io"/>
    <property name="java.specification.version" value="1.8"/>
    <property name="sun.cpu.isalist" value="amd64"/>
    <property name="sun.jnu.encoding" value="GBK"/>
    <property name="java.class.path" value="D:\IntelliJ IDEA 2020.1.2\IdeaProjects\wordcount\target\test-classes;D:\IntelliJ IDEA 2020.1.2\IdeaProjects\wordcount\target\classes;D:\repo\junit\junit\4.11\junit-4.11.jar;D:\repo\org\hamcrest\hamcrest-core\1.3\hamcrest-core-1.3.jar;D:\repo\org\apache\hadoop\hadoop-common\2.7.3\hadoop-common-2.7.3.jar;D:\repo\org\apache\hadoop\hadoop-annotations\2.7.3\hadoop-annotations-2.7.3.jar;D:\Java\jdk-8u251\jre\..\lib\tools.jar;D:\repo\com\google\guava\guava\11.0.2\guava-11.0.2.jar;D:\repo\commons-cli\commons-cli\1.2\commons-cli-1.2.jar;D:\repo\org\apache\commons\commons-math3\3.1.1\commons-math3-3.1.1.jar;D:\repo\xmlenc\xmlenc\0.52\xmlenc-0.52.jar;D:\repo\commons-httpclient\commons-httpclient\3.1\commons-httpclient-3.1.jar;D:\repo\commons-codec\commons-codec\1.4\commons-codec-1.4.jar;D:\repo\commons-io\commons-io\2.4\commons-io-2.4.jar;D:\repo\commons-net\commons-net\3.1\commons-net-3.1.jar;D:\repo\commons-collections\commons-collections\3.2.2\commons-collections-3.2.2.jar;D:\repo\javax\servlet\servlet-api\2.5\servlet-api-2.5.jar;D:\repo\org\mortbay\jetty\jetty\6.1.26\jetty-6.1.26.jar;D:\repo\org\mortbay\jetty\jetty-util\6.1.26\jetty-util-6.1.26.jar;D:\repo\javax\servlet\jsp\jsp-api\2.1\jsp-api-2.1.jar;D:\repo\com\sun\jersey\jersey-core\1.9\jersey-core-1.9.jar;D:\repo\com\sun\jersey\jersey-json\1.9\jersey-json-1.9.jar;D:\repo\org\codehaus\jettison\jettison\1.1\jettison-1.1.jar;D:\repo\com\sun\xml\bind\jaxb-impl\2.2.3-1\jaxb-impl-2.2.3-1.jar;D:\repo\javax\xml\bind\jaxb-api\2.2.2\jaxb-api-2.2.2.jar;D:\repo\javax\xml\stream\stax-api\1.0-2\stax-api-1.0-2.jar;D:\repo\javax\activation\activation\1.1\activation-1.1.jar;D:\repo\org\codehaus\jackson\jackson-jaxrs\1.8.3\jackson-jaxrs-1.8.3.jar;D:\repo\org\codehaus\jackson\jackson-xc\1.8.3\jackson-xc-1.8.3.jar;D:\repo\com\sun\jersey\jersey-server\1.9\jersey-server-1.9.jar;D:\repo\asm\asm\3.1\asm-3.1.jar;D:\repo\commons-logging\commons-logging\1.1.3\commons-logging-1.1.3.jar;D:\repo\log4j\log4j\1.2.17\log4j-1.2.17.jar;D:\repo\net\java\dev\jets3t\jets3t\0.9.0\jets3t-0.9.0.jar;D:\repo\org\apache\httpcomponents\httpclient\4.1.2\httpclient-4.1.2.jar;D:\repo\org\apache\httpcomponents\httpcore\4.1.2\httpcore-4.1.2.jar;D:\repo\com\jamesmurty\utils\java-xmlbuilder\0.4\java-xmlbuilder-0.4.jar;D:\repo\commons-lang\commons-lang\2.6\commons-lang-2.6.jar;D:\repo\commons-configuration\commons-configuration\1.6\commons-configuration-1.6.jar;D:\repo\commons-digester\commons-digester\1.8\commons-digester-1.8.jar;D:\repo\commons-beanutils\commons-beanutils\1.7.0\commons-beanutils-1.7.0.jar;D:\repo\commons-beanutils\commons-beanutils-core\1.8.0\commons-beanutils-core-1.8.0.jar;D:\repo\org\slf4j\slf4j-api\1.7.10\slf4j-api-1.7.10.jar;D:\repo\org\slf4j\slf4j-log4j12\1.7.10\slf4j-log4j12-1.7.10.jar;D:\repo\org\codehaus\jackson\jackson-core-asl\1.9.13\jackson-core-asl-1.9.13.jar;D:\repo\org\codehaus\jackson\jackson-mapper-asl\1.9.13\jackson-mapper-asl-1.9.13.jar;D:\repo\org\apache\avro\avro\1.7.4\avro-1.7.4.jar;D:\repo\com\thoughtworks\paranamer\paranamer\2.3\paranamer-2.3.jar;D:\repo\org\xerial\snappy\snappy-java\1.0.4.1\snappy-java-1.0.4.1.jar;D:\repo\com\google\protobuf\protobuf-java\2.5.0\protobuf-java-2.5.0.jar;D:\repo\com\google\code\gson\gson\2.2.4\gson-2.2.4.jar;D:\repo\org\apache\hadoop\hadoop-auth\2.7.3\hadoop-auth-2.7.3.jar;D:\repo\org\apache\directory\server\apacheds-kerberos-codec\2.0.0-M15\apacheds-kerberos-codec-2.0.0-M15.jar;D:\repo\org\apache\directory\server\apacheds-i18n\2.0.0-M15\apacheds-i18n-2.0.0-M15.jar;D:\repo\org\apache\directory\api\api-asn1-api\1.0.0-M20\api-asn1-api-1.0.0-M20.jar;D:\repo\org\apache\directory\api\api-util\1.0.0-M20\api-util-1.0.0-M20.jar;D:\repo\org\apache\curator\curator-framework\2.7.1\curator-framework-2.7.1.jar;D:\repo\com\jcraft\jsch\0.1.42\jsch-0.1.42.jar;D:\repo\org\apache\curator\curator-client\2.7.1\curator-client-2.7.1.jar;D:\repo\org\apache\curator\curator-recipes\2.7.1\curator-recipes-2.7.1.jar;D:\repo\com\google\code\findbugs\jsr305\3.0.0\jsr305-3.0.0.jar;D:\repo\org\apache\htrace\htrace-core\3.1.0-incubating\htrace-core-3.1.0-incubating.jar;D:\repo\org\apache\zookeeper\zookeeper\3.4.6\zookeeper-3.4.6.jar;D:\repo\org\apache\commons\commons-compress\1.4.1\commons-compress-1.4.1.jar;D:\repo\org\tukaani\xz\1.0\xz-1.0.jar;D:\repo\org\apache\hadoop\hadoop-hdfs\2.7.3\hadoop-hdfs-2.7.3.jar;D:\repo\commons-daemon\commons-daemon\1.0.13\commons-daemon-1.0.13.jar;D:\repo\io\netty\netty\3.6.2.Final\netty-3.6.2.Final.jar;D:\repo\io\netty\netty-all\4.0.23.Final\netty-all-4.0.23.Final.jar;D:\repo\xerces\xercesImpl\2.9.1\xercesImpl-2.9.1.jar;D:\repo\xml-apis\xml-apis\1.3.04\xml-apis-1.3.04.jar;D:\repo\org\fusesource\leveldbjni\leveldbjni-all\1.8\leveldbjni-all-1.8.jar;D:\repo\org\apache\hadoop\hadoop-client\2.7.3\hadoop-client-2.7.3.jar;D:\repo\org\apache\hadoop\hadoop-mapreduce-client-app\2.7.3\hadoop-mapreduce-client-app-2.7.3.jar;D:\repo\org\apache\hadoop\hadoop-mapreduce-client-common\2.7.3\hadoop-mapreduce-client-common-2.7.3.jar;D:\repo\org\apache\hadoop\hadoop-yarn-client\2.7.3\hadoop-yarn-client-2.7.3.jar;D:\repo\org\apache\hadoop\hadoop-yarn-server-common\2.7.3\hadoop-yarn-server-common-2.7.3.jar;D:\repo\org\apache\hadoop\hadoop-mapreduce-client-shuffle\2.7.3\hadoop-mapreduce-client-shuffle-2.7.3.jar;D:\repo\org\apache\hadoop\hadoop-yarn-api\2.7.3\hadoop-yarn-api-2.7.3.jar;D:\repo\org\apache\hadoop\hadoop-mapreduce-client-core\2.7.3\hadoop-mapreduce-client-core-2.7.3.jar;D:\repo\org\apache\hadoop\hadoop-yarn-common\2.7.3\hadoop-yarn-common-2.7.3.jar;D:\repo\com\sun\jersey\jersey-client\1.9\jersey-client-1.9.jar;D:\repo\org\apache\hadoop\hadoop-mapreduce-client-jobclient\2.7.3\hadoop-mapreduce-client-jobclient-2.7.3.jar;"/>
    <property name="java.vm.vendor" value="Oracle Corporation"/>
    <property name="sun.arch.data.model" value="64"/>
    <property name="user.variant" value=""/>
    <property name="java.vendor.url" value="http://java.oracle.com/"/>
    <property name="user.timezone" value="Asia/Shanghai"/>
    <property name="java.vm.specification.version" value="1.8"/>
    <property name="os.name" value="Windows 10"/>
    <property name="user.country" value="CN"/>
    <property name="sun.java.launcher" value="SUN_STANDARD"/>
    <property name="sun.boot.library.path" value="D:\Java\jdk-8u251\jre\bin"/>
    <property name="sun.java.command" value="C:\Users\13491\AppData\Local\Temp\surefire914334671693226690\surefirebooter4117956883620168249.jar C:\Users\13491\AppData\Local\Temp\surefire914334671693226690 2020-10-20T19-35-09_294-jvmRun1 surefire4790725736170418223tmp surefire_08201017554080420481tmp"/>
    <property name="surefire.test.class.path" value="D:\IntelliJ IDEA 2020.1.2\IdeaProjects\wordcount\target\test-classes;D:\IntelliJ IDEA 2020.1.2\IdeaProjects\wordcount\target\classes;D:\repo\junit\junit\4.11\junit-4.11.jar;D:\repo\org\hamcrest\hamcrest-core\1.3\hamcrest-core-1.3.jar;D:\repo\org\apache\hadoop\hadoop-common\2.7.3\hadoop-common-2.7.3.jar;D:\repo\org\apache\hadoop\hadoop-annotations\2.7.3\hadoop-annotations-2.7.3.jar;D:\Java\jdk-8u251\jre\..\lib\tools.jar;D:\repo\com\google\guava\guava\11.0.2\guava-11.0.2.jar;D:\repo\commons-cli\commons-cli\1.2\commons-cli-1.2.jar;D:\repo\org\apache\commons\commons-math3\3.1.1\commons-math3-3.1.1.jar;D:\repo\xmlenc\xmlenc\0.52\xmlenc-0.52.jar;D:\repo\commons-httpclient\commons-httpclient\3.1\commons-httpclient-3.1.jar;D:\repo\commons-codec\commons-codec\1.4\commons-codec-1.4.jar;D:\repo\commons-io\commons-io\2.4\commons-io-2.4.jar;D:\repo\commons-net\commons-net\3.1\commons-net-3.1.jar;D:\repo\commons-collections\commons-collections\3.2.2\commons-collections-3.2.2.jar;D:\repo\javax\servlet\servlet-api\2.5\servlet-api-2.5.jar;D:\repo\org\mortbay\jetty\jetty\6.1.26\jetty-6.1.26.jar;D:\repo\org\mortbay\jetty\jetty-util\6.1.26\jetty-util-6.1.26.jar;D:\repo\javax\servlet\jsp\jsp-api\2.1\jsp-api-2.1.jar;D:\repo\com\sun\jersey\jersey-core\1.9\jersey-core-1.9.jar;D:\repo\com\sun\jersey\jersey-json\1.9\jersey-json-1.9.jar;D:\repo\org\codehaus\jettison\jettison\1.1\jettison-1.1.jar;D:\repo\com\sun\xml\bind\jaxb-impl\2.2.3-1\jaxb-impl-2.2.3-1.jar;D:\repo\javax\xml\bind\jaxb-api\2.2.2\jaxb-api-2.2.2.jar;D:\repo\javax\xml\stream\stax-api\1.0-2\stax-api-1.0-2.jar;D:\repo\javax\activation\activation\1.1\activation-1.1.jar;D:\repo\org\codehaus\jackson\jackson-jaxrs\1.8.3\jackson-jaxrs-1.8.3.jar;D:\repo\org\codehaus\jackson\jackson-xc\1.8.3\jackson-xc-1.8.3.jar;D:\repo\com\sun\jersey\jersey-server\1.9\jersey-server-1.9.jar;D:\repo\asm\asm\3.1\asm-3.1.jar;D:\repo\commons-logging\commons-logging\1.1.3\commons-logging-1.1.3.jar;D:\repo\log4j\log4j\1.2.17\log4j-1.2.17.jar;D:\repo\net\java\dev\jets3t\jets3t\0.9.0\jets3t-0.9.0.jar;D:\repo\org\apache\httpcomponents\httpclient\4.1.2\httpclient-4.1.2.jar;D:\repo\org\apache\httpcomponents\httpcore\4.1.2\httpcore-4.1.2.jar;D:\repo\com\jamesmurty\utils\java-xmlbuilder\0.4\java-xmlbuilder-0.4.jar;D:\repo\commons-lang\commons-lang\2.6\commons-lang-2.6.jar;D:\repo\commons-configuration\commons-configuration\1.6\commons-configuration-1.6.jar;D:\repo\commons-digester\commons-digester\1.8\commons-digester-1.8.jar;D:\repo\commons-beanutils\commons-beanutils\1.7.0\commons-beanutils-1.7.0.jar;D:\repo\commons-beanutils\commons-beanutils-core\1.8.0\commons-beanutils-core-1.8.0.jar;D:\repo\org\slf4j\slf4j-api\1.7.10\slf4j-api-1.7.10.jar;D:\repo\org\slf4j\slf4j-log4j12\1.7.10\slf4j-log4j12-1.7.10.jar;D:\repo\org\codehaus\jackson\jackson-core-asl\1.9.13\jackson-core-asl-1.9.13.jar;D:\repo\org\codehaus\jackson\jackson-mapper-asl\1.9.13\jackson-mapper-asl-1.9.13.jar;D:\repo\org\apache\avro\avro\1.7.4\avro-1.7.4.jar;D:\repo\com\thoughtworks\paranamer\paranamer\2.3\paranamer-2.3.jar;D:\repo\org\xerial\snappy\snappy-java\1.0.4.1\snappy-java-1.0.4.1.jar;D:\repo\com\google\protobuf\protobuf-java\2.5.0\protobuf-java-2.5.0.jar;D:\repo\com\google\code\gson\gson\2.2.4\gson-2.2.4.jar;D:\repo\org\apache\hadoop\hadoop-auth\2.7.3\hadoop-auth-2.7.3.jar;D:\repo\org\apache\directory\server\apacheds-kerberos-codec\2.0.0-M15\apacheds-kerberos-codec-2.0.0-M15.jar;D:\repo\org\apache\directory\server\apacheds-i18n\2.0.0-M15\apacheds-i18n-2.0.0-M15.jar;D:\repo\org\apache\directory\api\api-asn1-api\1.0.0-M20\api-asn1-api-1.0.0-M20.jar;D:\repo\org\apache\directory\api\api-util\1.0.0-M20\api-util-1.0.0-M20.jar;D:\repo\org\apache\curator\curator-framework\2.7.1\curator-framework-2.7.1.jar;D:\repo\com\jcraft\jsch\0.1.42\jsch-0.1.42.jar;D:\repo\org\apache\curator\curator-client\2.7.1\curator-client-2.7.1.jar;D:\repo\org\apache\curator\curator-recipes\2.7.1\curator-recipes-2.7.1.jar;D:\repo\com\google\code\findbugs\jsr305\3.0.0\jsr305-3.0.0.jar;D:\repo\org\apache\htrace\htrace-core\3.1.0-incubating\htrace-core-3.1.0-incubating.jar;D:\repo\org\apache\zookeeper\zookeeper\3.4.6\zookeeper-3.4.6.jar;D:\repo\org\apache\commons\commons-compress\1.4.1\commons-compress-1.4.1.jar;D:\repo\org\tukaani\xz\1.0\xz-1.0.jar;D:\repo\org\apache\hadoop\hadoop-hdfs\2.7.3\hadoop-hdfs-2.7.3.jar;D:\repo\commons-daemon\commons-daemon\1.0.13\commons-daemon-1.0.13.jar;D:\repo\io\netty\netty\3.6.2.Final\netty-3.6.2.Final.jar;D:\repo\io\netty\netty-all\4.0.23.Final\netty-all-4.0.23.Final.jar;D:\repo\xerces\xercesImpl\2.9.1\xercesImpl-2.9.1.jar;D:\repo\xml-apis\xml-apis\1.3.04\xml-apis-1.3.04.jar;D:\repo\org\fusesource\leveldbjni\leveldbjni-all\1.8\leveldbjni-all-1.8.jar;D:\repo\org\apache\hadoop\hadoop-client\2.7.3\hadoop-client-2.7.3.jar;D:\repo\org\apache\hadoop\hadoop-mapreduce-client-app\2.7.3\hadoop-mapreduce-client-app-2.7.3.jar;D:\repo\org\apache\hadoop\hadoop-mapreduce-client-common\2.7.3\hadoop-mapreduce-client-common-2.7.3.jar;D:\repo\org\apache\hadoop\hadoop-yarn-client\2.7.3\hadoop-yarn-client-2.7.3.jar;D:\repo\org\apache\hadoop\hadoop-yarn-server-common\2.7.3\hadoop-yarn-server-common-2.7.3.jar;D:\repo\org\apache\hadoop\hadoop-mapreduce-client-shuffle\2.7.3\hadoop-mapreduce-client-shuffle-2.7.3.jar;D:\repo\org\apache\hadoop\hadoop-yarn-api\2.7.3\hadoop-yarn-api-2.7.3.jar;D:\repo\org\apache\hadoop\hadoop-mapreduce-client-core\2.7.3\hadoop-mapreduce-client-core-2.7.3.jar;D:\repo\org\apache\hadoop\hadoop-yarn-common\2.7.3\hadoop-yarn-common-2.7.3.jar;D:\repo\com\sun\jersey\jersey-client\1.9\jersey-client-1.9.jar;D:\repo\org\apache\hadoop\hadoop-mapreduce-client-jobclient\2.7.3\hadoop-mapreduce-client-jobclient-2.7.3.jar;"/>
    <property name="sun.cpu.endian" value="little"/>
    <property name="user.home" value="C:\Users\13491"/>
    <property name="user.language" value="zh"/>
    <property name="java.specification.vendor" value="Oracle Corporation"/>
    <property name="java.home" value="D:\Java\jdk-8u251\jre"/>
    <property name="basedir" value="D:\IntelliJ IDEA 2020.1.2\IdeaProjects\wordcount"/>
    <property name="file.separator" value="\"/>
    <property name="line.separator" value="&#10;"/>
    <property name="java.vm.specification.vendor" value="Oracle Corporation"/>
    <property name="java.specification.name" value="Java Platform API Specification"/>
    <property name="java.awt.graphicsenv" value="sun.awt.Win32GraphicsEnvironment"/>
    <property name="surefire.real.class.path" value="C:\Users\13491\AppData\Local\Temp\surefire914334671693226690\surefirebooter4117956883620168249.jar"/>
    <property name="sun.boot.class.path" value="D:\Java\jdk-8u251\jre\lib\resources.jar;D:\Java\jdk-8u251\jre\lib\rt.jar;D:\Java\jdk-8u251\jre\lib\sunrsasign.jar;D:\Java\jdk-8u251\jre\lib\jsse.jar;D:\Java\jdk-8u251\jre\lib\jce.jar;D:\Java\jdk-8u251\jre\lib\charsets.jar;D:\Java\jdk-8u251\jre\lib\jfr.jar;D:\Java\jdk-8u251\jre\classes"/>
    <property name="user.script" value=""/>
    <property name="sun.management.compiler" value="HotSpot 64-Bit Tiered Compilers"/>
    <property name="java.runtime.version" value="1.8.0_251-b08"/>
    <property name="user.name" value="13491"/>
    <property name="path.separator" value=";"/>
    <property name="os.version" value="10.0"/>
    <property name="java.endorsed.dirs" value="D:\Java\jdk-8u251\jre\lib\endorsed"/>
    <property name="java.runtime.name" value="Java(TM) SE Runtime Environment"/>
    <property name="file.encoding" value="GBK"/>
    <property name="java.vm.name" value="Java HotSpot(TM) 64-Bit Server VM"/>
    <property name="localRepository" value="D:\repo"/>
    <property name="java.vendor.url.bug" value="http://bugreport.sun.com/bugreport/"/>
    <property name="java.io.tmpdir" value="C:\Users\13491\AppData\Local\Temp\"/>
    <property name="java.version" value="1.8.0_251"/>
    <property name="user.dir" value="D:\IntelliJ IDEA 2020.1.2\IdeaProjects\wordcount"/>
    <property name="os.arch" value="amd64"/>
    <property name="java.vm.specification.name" value="Java Virtual Machine Specification"/>
    <property name="java.awt.printerjob" value="sun.awt.windows.WPrinterJob"/>
    <property name="sun.os.patch.level" value=""/>
    <property name="java.library.path" value="D:\Java\jdk-8u251\jre\bin;C:\Windows\Sun\Java\bin;C:\Windows\system32;C:\Windows;D:\Program Files (x86)\Python38\Scripts\;D:\Program Files (x86)\Python38\;C:\Program Files (x86)\Common Files\Oracle\Java\javapath;C:\Windows\system32;C:\Windows;C:\Windows\System32\Wbem;C:\Windows\System32\WindowsPowerShell\v1.0\;C:\Windows\System32\OpenSSH\;C:\Program Files (x86)\Intel\Intel(R) Management Engine Components\DAL;C:\Program Files\Intel\Intel(R) Management Engine Components\DAL;&quot;D:\Java\jdk-8u251\bin;D:\Java\jdk-8u251\jre\bin&quot;;D:\Program Files (x86)\Polyspace\R2019b\runtime\win64;D:\Program Files (x86)\Polyspace\R2019b\bin;D:\Program Files (x86)\Polyspace\R2019b\polyspace\bin;D:\Program Files (x86)\Git\cmd;D:\Program Files (x86)\Universal Extractor;D:\Program Files (x86)\Universal Extractor\bin;C:\Program Files\Docker\Docker\resources\bin;C:\ProgramData\DockerDesktop\version-bin;D:\apache-maven-3.5.4\bin;C:\Users\13491\AppData\Local\Microsoft\WindowsApps;;."/>
    <property name="java.vm.info" value="mixed mode"/>
    <property name="java.vendor" value="Oracle Corporation"/>
    <property name="java.vm.version" value="25.251-b08"/>
    <property name="java.ext.dirs" value="D:\Java\jdk-8u251\jre\lib\ext;C:\Windows\Sun\Java\lib\ext"/>
    <property name="sun.io.unicode.encoding" value="UnicodeLittle"/>
    <property name="java.class.version" value="52.0"/>
  </properties>
  <testcase name="shouldAnswerWithTrue" classname="wc.AppTest" time="0"/>
</testsuite>